<?xml version="1.0" encoding="UTF-8"?>
<testsuite name="com.measurements.QuantityMeasurementTest" tests="1" skipped="0" failures="0" errors="0" timestamp="2020-06-05T15:18:53" hostname="KYOOLBABA" time="0.004">
  <properties/>
  <testcase name="givenTonnwAndGram_whenAdded_shouldReturnInTonne" classname="com.measurements.QuantityMeasurementTest" time="0.004"/>
  <system-out><![CDATA[]]></system-out>
  <system-err><![CDATA[]]></system-err>
</testsuite>
