<?xml version="1.0" encoding="UTF-8"?>
<testsuite name="com.measurements.LengthMeasurementTest" tests="1" skipped="0" failures="0" errors="0" timestamp="2020-06-04T06:38:38" hostname="KYOOLBABA" time="0.003">
  <properties/>
  <testcase name="given1Inch_whenCompared_shouldReturnItInYard" classname="com.measurements.LengthMeasurementTest" time="0.003"/>
  <system-out><![CDATA[]]></system-out>
  <system-err><![CDATA[]]></system-err>
</testsuite>
